\BOOKMARK [0][-]{chapter.1}{Insiemi e operazioni su insiemi}{}% 1
\BOOKMARK [1][-]{section.1.1}{Concetti primitivi}{chapter.1}% 2
\BOOKMARK [1][-]{section.1.2}{Teoria degli insiemi}{chapter.1}% 3
\BOOKMARK [2][-]{subsection.1.2.1}{Concetto di appartenenza}{section.1.2}% 4
\BOOKMARK [1][-]{section.1.3}{Assiomi}{chapter.1}% 5
\BOOKMARK [2][-]{subsection.1.3.1}{Estesionabilit\340}{section.1.3}% 6
\BOOKMARK [2][-]{subsection.1.3.2}{Esistenza del vuoto \(\)}{section.1.3}% 7
\BOOKMARK [2][-]{subsection.1.3.3}{Separazione}{section.1.3}% 8
\BOOKMARK [1][-]{section.1.4}{Sottoinsiemi}{chapter.1}% 9
\BOOKMARK [1][-]{section.1.5}{Operazioni tra insiemi}{chapter.1}% 10
\BOOKMARK [0][-]{chapter.2}{Relazioni e funzioni}{}% 11
\BOOKMARK [1][-]{section.2.1}{Relazione}{chapter.2}% 12
\BOOKMARK [1][-]{section.2.2}{Funzione}{chapter.2}% 13
\BOOKMARK [2][-]{subsection.2.2.1}{Osservazione}{section.2.2}% 14
\BOOKMARK [2][-]{subsection.2.2.2}{Composizioni}{section.2.2}% 15
\BOOKMARK [2][-]{subsection.2.2.3}{Immagine}{section.2.2}% 16
\BOOKMARK [2][-]{subsection.2.2.4}{Controimmagine}{section.2.2}% 17
\BOOKMARK [2][-]{subsection.2.2.5}{Propriet\340 delle funzioni}{section.2.2}% 18
\BOOKMARK [2][-]{subsection.2.2.6}{Invertibilit\340}{section.2.2}% 19
\BOOKMARK [1][-]{section.2.3}{Equipotenza di insieme}{chapter.2}% 20
\BOOKMARK [2][-]{subsection.2.3.1}{Definizione}{section.2.3}% 21
\BOOKMARK [2][-]{subsection.2.3.2}{Propriet\340}{section.2.3}% 22
\BOOKMARK [1][-]{section.2.4}{Teorema}{chapter.2}% 23
\BOOKMARK [2][-]{subsection.2.4.1}{Dimostrazione}{section.2.4}% 24
\BOOKMARK [0][-]{chapter.3}{Numeri naturali, assiomi di Roano}{}% 25
\BOOKMARK [1][-]{section.3.1}{Assiomi di Peano}{chapter.3}% 26
\BOOKMARK [1][-]{section.3.2}{Assioma di induzione}{chapter.3}% 27
\BOOKMARK [2][-]{subsection.3.2.1}{Enunciato}{section.3.2}% 28
\BOOKMARK [2][-]{subsection.3.2.2}{Dimostrazione}{section.3.2}% 29
\BOOKMARK [1][-]{section.3.3}{Principio di induzione di prima forma}{chapter.3}% 30
\BOOKMARK [2][-]{subsection.3.3.1}{Enunciato}{section.3.3}% 31
\BOOKMARK [2][-]{subsection.3.3.2}{Dimostrazione}{section.3.3}% 32
\BOOKMARK [2][-]{subsection.3.3.3}{Principio di induzione "shiftato"}{section.3.3}% 33
\BOOKMARK [1][-]{section.3.4}{Il teorema di ricorsione}{chapter.3}% 34
\BOOKMARK [2][-]{subsection.3.4.1}{Enunciato}{section.3.4}% 35
\BOOKMARK [2][-]{subsection.3.4.2}{Dimostrazione}{section.3.4}% 36
\BOOKMARK [1][-]{section.3.5}{Operazioni tra naturali}{chapter.3}% 37
\BOOKMARK [2][-]{subsection.3.5.1}{Somma}{section.3.5}% 38
\BOOKMARK [2][-]{subsection.3.5.2}{Prodotto}{section.3.5}% 39
\BOOKMARK [0][-]{chapter.4}{Insiemi ordinati}{}% 40
\BOOKMARK [1][-]{section.4.1}{Ordinamento dei naturali}{chapter.4}% 41
\BOOKMARK [0][-]{chapter.5}{Insiemi Finiti}{}% 42
\BOOKMARK [1][-]{section.5.1}{Il lemma dei cassetti}{chapter.5}% 43
\BOOKMARK [1][-]{section.5.2}{Cardinalitdegli insiemi finiti}{chapter.5}% 44
\BOOKMARK [2][-]{subsection.5.2.1}{Cardinalit\340}{section.5.2}% 45
\BOOKMARK [1][-]{section.5.3}{Sottoinsiemi di un insieme finito}{chapter.5}% 46
\BOOKMARK [2][-]{subsection.5.3.1}{Corollario}{section.5.3}% 47
\BOOKMARK [0][-]{chapter.6}{Insiemi infiniti}{}% 48
\BOOKMARK [1][-]{section.6.1}{Assioma della scelta}{chapter.6}% 49
\BOOKMARK [1][-]{section.6.2}{Equipotenza ai numeri naturali}{chapter.6}% 50
\BOOKMARK [1][-]{section.6.3}{Equipotenza di sottoinsiemi di insiemi finiti}{chapter.6}% 51
\BOOKMARK [1][-]{section.6.4}{Definizione di insieme infinito}{chapter.6}% 52
\BOOKMARK [0][-]{chapter.7}{Insiemi numerabili}{}% 53
\BOOKMARK [1][-]{section.7.1}{Unione di insiemi numerabili disgiunti}{chapter.7}% 54
\BOOKMARK [1][-]{section.7.2}{Operazioni tra insiemi numerabili e finiti}{chapter.7}% 55
\BOOKMARK [2][-]{subsection.7.2.1}{Unione di un insieme numerabile e uno finito}{section.7.2}% 56
\BOOKMARK [2][-]{subsection.7.2.2}{Sottoinsiemi di un insieme numberabile}{section.7.2}% 57
\BOOKMARK [2][-]{subsection.7.2.3}{Cardinalit\340 dell'unione con insiemi infiniti}{section.7.2}% 58
\BOOKMARK [2][-]{subsection.7.2.4}{Unione di una famiglia di insiemi finiti}{section.7.2}% 59
\BOOKMARK [2][-]{subsection.7.2.5}{Prodotto di due insiemi numerabili}{section.7.2}% 60
\BOOKMARK [2][-]{subsection.7.2.6}{Unione di una famiglia di insiemi numerabili}{section.7.2}% 61
\BOOKMARK [0][-]{chapter.8}{Cardinalit\340}{}% 62
\BOOKMARK [1][-]{section.8.1}{Confronto di cardinalit\340}{chapter.8}% 63
\BOOKMARK [1][-]{section.8.2}{Cardinalit\340 di sottoinsiemi}{chapter.8}% 64
\BOOKMARK [1][-]{section.8.3}{Teorema di Cantor-Bernstein}{chapter.8}% 65
\BOOKMARK [1][-]{section.8.4}{Tricotomia dei cardinali}{chapter.8}% 66
\BOOKMARK [1][-]{section.8.5}{Operazioni tra cardinali}{chapter.8}% 67
\BOOKMARK [1][-]{section.8.6}{L'assioma del buon ordinamento}{chapter.8}% 68
\BOOKMARK [2][-]{subsection.8.6.1}{Minimo}{section.8.6}% 69
\BOOKMARK [2][-]{subsection.8.6.2}{Buon ordinamento}{section.8.6}% 70
\BOOKMARK [2][-]{subsection.8.6.3}{Il buon ordinamento dei numeri naturali}{section.8.6}% 71
\BOOKMARK [1][-]{section.8.7}{Il principio di induzione di seconda forma}{chapter.8}% 72
\BOOKMARK [0][-]{chapter.9}{La divisione euclidea}{}% 73
\BOOKMARK [1][-]{subsection.9.0.1}{Dimostrazione}{chapter.9}% 74
\BOOKMARK [0][-]{chapter.10}{Scrittura dei naturali in base arbitraria}{}% 75
\BOOKMARK [1][-]{section.10.1}{Casi particolari}{chapter.10}% 76
\BOOKMARK [2][-]{subsection.10.1.1}{b=0}{section.10.1}% 77
\BOOKMARK [2][-]{subsection.10.1.2}{b=1}{section.10.1}% 78
\BOOKMARK [1][-]{section.10.2}{Teorema}{chapter.10}% 79
\BOOKMARK [2][-]{subsection.10.2.1}{Dimostrazione}{section.10.2}% 80
\BOOKMARK [0][-]{chapter.11}{Divisibilit\340}{}% 81
\BOOKMARK [1][-]{section.11.1}{Propriet\340}{chapter.11}% 82
\BOOKMARK [1][-]{section.11.2}{Massimo comune divisore}{chapter.11}% 83
\BOOKMARK [2][-]{subsection.11.2.1}{Unicit\340 del massimo comune divisore}{section.11.2}% 84
\BOOKMARK [2][-]{subsection.11.2.2}{Esistenza del massimo comune divisore}{section.11.2}% 85
\BOOKMARK [2][-]{subsection.11.2.3}{Numeri coprimi}{section.11.2}% 86
\BOOKMARK [2][-]{subsection.11.2.4}{Massimo comune divisore e numeri coprimi}{section.11.2}% 87
\BOOKMARK [1][-]{section.11.3}{Algoritmo di Euclide}{chapter.11}% 88
\BOOKMARK [1][-]{section.11.4}{Propriet\340 dei numeri coprimi}{chapter.11}% 89
\BOOKMARK [2][-]{subsection.11.4.1}{Corollario}{section.11.4}% 90
\BOOKMARK [1][-]{section.11.5}{Minimo comune multiplo}{chapter.11}% 91
\BOOKMARK [2][-]{subsection.11.5.1}{Esistenza}{section.11.5}% 92
\BOOKMARK [1][-]{section.11.6}{Teorema fondamentale dell'algebra}{chapter.11}% 93
\BOOKMARK [2][-]{subsection.11.6.1}{Dimostrazione}{section.11.6}% 94
\BOOKMARK [2][-]{subsection.11.6.2}{Esistenza di infiniti numeri primi}{section.11.6}% 95
\BOOKMARK [0][-]{chapter.12}{Congruenza}{}% 96
\BOOKMARK [1][-]{subsection.12.0.1}{Propriet\340}{chapter.12}% 97
\BOOKMARK [1][-]{section.12.1}{Classi di equivalenza}{chapter.12}% 98
\BOOKMARK [2][-]{subsection.12.1.1}{Insieme quoziente}{section.12.1}% 99
\BOOKMARK [2][-]{subsection.12.1.2}{Propriet\340}{section.12.1}% 100
\BOOKMARK [1][-]{section.12.2}{Classi di congruenza}{chapter.12}% 101
\BOOKMARK [2][-]{subsection.12.2.1}{Propriet\340}{section.12.2}% 102
\BOOKMARK [2][-]{subsection.12.2.2}{Le classi modulo n sono esattamente n}{section.12.2}% 103
\BOOKMARK [2][-]{subsection.12.2.3}{Corollario}{section.12.2}% 104
\BOOKMARK [1][-]{section.12.3}{Somma e prodotto di classi di congruenza}{chapter.12}% 105
\BOOKMARK [2][-]{subsection.12.3.1}{Operazioni tra classi di modulo n}{section.12.3}% 106
\BOOKMARK [1][-]{section.12.4}{Teorema cinese del resto}{chapter.12}% 107
\BOOKMARK [0][-]{chapter.13}{Invertibilit\340 in modulo n}{}% 108
\BOOKMARK [1][-]{subsection.13.0.1}{Condizione di invertibilit\340}{chapter.13}% 109
\BOOKMARK [2][-]{subsection.13.0.2}{Unicit\340 dell'inverso}{subsection.13.0.1}% 110
\BOOKMARK [2][-]{subsection.13.0.3}{Unicit\340 dell'invertibile}{subsection.13.0.1}% 111
\BOOKMARK [2][-]{subsection.13.0.4}{Osservazioni}{subsection.13.0.1}% 112
\BOOKMARK [2][-]{subsection.13.0.5}{Condizione di invertibilit\340 per classi di congruenza}{subsection.13.0.1}% 113
\BOOKMARK [2][-]{subsection.13.0.6}{Corollario}{subsection.13.0.1}% 114
\BOOKMARK [0][-]{chapter.14}{Equazioni lineari modulo n}{}% 115
\BOOKMARK [1][-]{section.14.1}{Soluzioni di una congruenza}{chapter.14}% 116
\BOOKMARK [1][-]{section.14.2}{Congruenza e classi}{chapter.14}% 117
\BOOKMARK [1][-]{section.14.3}{Il teorema di Fermat}{chapter.14}% 118
\BOOKMARK [2][-]{subsection.14.3.1}{Prodotto di elementi in un insieme quoziente}{section.14.3}% 119
\BOOKMARK [2][-]{subsection.14.3.2}{Cardinalit\340 dell'insieme quoziente}{section.14.3}% 120
\BOOKMARK [1][-]{section.14.4}{Enunciato}{chapter.14}% 121
\BOOKMARK [2][-]{subsection.14.4.1}{Corollario}{section.14.4}% 122
\BOOKMARK [1][-]{section.14.5}{Crittografia RSA}{chapter.14}% 123
\BOOKMARK [2][-]{subsection.14.5.1}{Proposizione fondamentale della crittografia RSA}{section.14.5}% 124
\BOOKMARK [2][-]{subsection.14.5.2}{Metodo di crittografia RSA}{section.14.5}% 125
\BOOKMARK [0][-]{chapter.15}{I grafi}{}% 126
\BOOKMARK [1][-]{section.15.1}{Grafici notevoli}{chapter.15}% 127
\BOOKMARK [2][-]{subsection.15.1.1}{Cammino di lunghezza n}{section.15.1}% 128
\BOOKMARK [2][-]{subsection.15.1.2}{Ciclo}{section.15.1}% 129
\BOOKMARK [2][-]{subsection.15.1.3}{Grafo completo}{section.15.1}% 130
\BOOKMARK [2][-]{subsection.15.1.4}{Grafo completo partito n e m vertici}{section.15.1}% 131
\BOOKMARK [1][-]{section.15.2}{Sottografi e sottografi indotti}{chapter.15}% 132
\BOOKMARK [2][-]{subsection.15.2.1}{Sottografo indotto da V'}{section.15.2}% 133
\BOOKMARK [1][-]{section.15.3}{Morfismi dei grafi}{chapter.15}% 134
\BOOKMARK [2][-]{subsection.15.3.1}{Isomorfismo}{section.15.3}% 135
\BOOKMARK [1][-]{section.15.4}{Difficolt\340 della classificazione di grafi}{chapter.15}% 136
\BOOKMARK [1][-]{section.15.5}{Passeggiate, cammini e cicli}{chapter.15}% 137
\BOOKMARK [1][-]{section.15.6}{Congiungibilit\340}{chapter.15}% 138
\BOOKMARK [2][-]{subsection.15.6.1}{Condizione di congiungibilit\340}{section.15.6}% 139
\BOOKMARK [2][-]{subsection.15.6.2}{Congiungibilit\340 ed equivalenza}{section.15.6}% 140
\BOOKMARK [1][-]{section.15.7}{Componenti connesse}{chapter.15}% 141
\BOOKMARK [2][-]{subsection.15.7.1}{Componenti connesse e morfismi}{section.15.7}% 142
\BOOKMARK [2][-]{subsection.15.7.2}{Isomorfismi di componenti connesse}{section.15.7}% 143
\BOOKMARK [1][-]{section.15.8}{Connessione}{chapter.15}% 144
\BOOKMARK [1][-]{section.15.9}{Grado di un vertice}{chapter.15}% 145
\BOOKMARK [1][-]{section.15.10}{Relazione fondamentale tra grado dei vertici e numero dei lati di un grafo finito}{chapter.15}% 146
\BOOKMARK [1][-]{section.15.11}{Lemma delle strette di mano}{chapter.15}% 147
\BOOKMARK [1][-]{section.15.12}{Score di un grafo}{chapter.15}% 148
\BOOKMARK [2][-]{subsection.15.12.1}{Teorema dello score}{section.15.12}% 149
\BOOKMARK [1][-]{section.15.13}{Ostruzioni all'esistenza dei grafi}{chapter.15}% 150
\BOOKMARK [1][-]{section.15.14}{Grafi particolari}{chapter.15}% 151
\BOOKMARK [2][-]{subsection.15.14.1}{Grafo 2-connesso}{section.15.14}% 152
\BOOKMARK [2][-]{subsection.15.14.2}{Vertici isolati e foglie}{section.15.14}% 153
\BOOKMARK [2][-]{subsection.15.14.3}{Grafi hamiltoniani}{section.15.14}% 154
\BOOKMARK [0][-]{chapter.16}{Gli alberi}{}% 155
\BOOKMARK [1][-]{subsection.16.0.1}{Condizione necessaria per una foresta}{chapter.16}% 156
\BOOKMARK [1][-]{section.16.1}{Teorema}{chapter.16}% 157
